2025-05-31 22:07:29,114 - INFO - ✅ yt-dlp is installed
2025-05-31 22:07:29,116 - WARNING - ⚠️ aria2c is not installed. Will use standard yt-dlp for downloads.
2025-05-31 22:07:29,116 - INFO - To install aria2c for faster downloads:
2025-05-31 22:07:29,116 - INFO -   macOS: brew install aria2
2025-05-31 22:07:29,116 - INFO -   Ubuntu/Debian: sudo apt-get install aria2
2025-05-31 22:07:29,116 - INFO -   Windows: Download from https://aria2.github.io/
2025-05-31 22:07:29,117 - INFO - Loaded 2 URLs from ../video_extractor/downloadable_videos.json
2025-05-31 22:07:29,117 - INFO - Starting download with standard yt-dlp: https://www.youtube.com/watch?v=nvmQC-sHrnM
2025-05-31 22:07:31,772 - ERROR - Error downloading https://www.youtube.com/watch?v=nvmQC-sHrnM: ERROR: unable to download video data: HTTP Error 403: Forbidden
2025-05-31 22:07:31,772 - INFO - Starting download with standard yt-dlp: https://www.youtube.com/watch?v=tX09BJTkj48
2025-05-31 22:07:34,336 - ERROR - Error downloading https://www.youtube.com/watch?v=tX09BJTkj48: ERROR: unable to download video data: HTTP Error 403: Forbidden
2025-05-31 22:07:34,338 - INFO - Results saved to downloads/download_results.json
2025-05-31 22:19:46,344 - INFO - ✅ yt-dlp is installed
2025-05-31 22:19:48,326 - INFO - ✅ aria2c is installed: aria2 version 1.37.0
2025-05-31 22:19:48,327 - INFO - Loaded 2 URLs from ../video_extractor/downloadable_videos.json
2025-05-31 22:19:48,327 - INFO - Starting download with yt-dlp + aria2c: https://www.youtube.com/watch?v=nvmQC-sHrnM
2025-05-31 22:19:51,297 - ERROR - Error downloading https://www.youtube.com/watch?v=nvmQC-sHrnM: [0;31mERROR:[0m aria2c exited with code 22
2025-05-31 22:19:51,297 - INFO - Starting download with yt-dlp + aria2c: https://www.youtube.com/watch?v=tX09BJTkj48
2025-05-31 22:19:54,053 - ERROR - Error downloading https://www.youtube.com/watch?v=tX09BJTkj48: [0;31mERROR:[0m aria2c exited with code 22
2025-05-31 22:19:54,054 - INFO - Results saved to downloads/download_results.json
