2025-05-31 22:06:20,589 - INFO - ✅ yt-dlp is installed
2025-05-31 22:06:20,593 - ERROR - ❌ aria2c is not installed or not in PATH. Please install it from https://aria2.github.io/
2025-05-31 22:55:24,146 - INFO - yt-dlp is installed
2025-05-31 22:55:24,166 - INFO - aria2c is installed: aria2 version 1.37.0
2025-05-31 22:55:24,167 - INFO - Loaded 2 URLs from ../video_extractor/downloadable_videos.json
2025-05-31 22:55:24,167 - INFO - Testing URL 1/2: https://www.youtube.com/watch?v=nvmQC-sHrnM
2025-05-31 22:55:24,167 - INFO - Downloading with standard yt-dlp...
2025-05-31 22:55:26,702 - ERROR - Error downloading with yt-dlp: ERROR: unable to download video data: HTTP Error 403: Forbidden
2025-05-31 22:55:26,702 - ERROR - yt-dlp download failed
2025-05-31 22:55:26,703 - INFO - Downloading with yt-dlp + aria2c...
2025-05-31 22:55:29,545 - ERROR - Error downloading with aria2c: ERROR: aria2c exited with code 22
2025-05-31 22:55:29,546 - ERROR - aria2c download failed
2025-05-31 22:55:29,546 - INFO - Testing URL 2/2: https://www.youtube.com/watch?v=tX09BJTkj48
2025-05-31 22:55:29,546 - INFO - Downloading with standard yt-dlp...
2025-05-31 22:55:31,987 - ERROR - Error downloading with yt-dlp: ERROR: unable to download video data: HTTP Error 403: Forbidden
2025-05-31 22:55:31,987 - ERROR - yt-dlp download failed
2025-05-31 22:55:31,987 - INFO - Downloading with yt-dlp + aria2c...
2025-05-31 22:55:35,170 - ERROR - Error downloading with aria2c: ERROR: aria2c exited with code 22
2025-05-31 22:55:35,171 - ERROR - aria2c download failed
2025-05-31 22:55:35,171 - INFO - Results saved to download_speed_comparison.json
